<?xml version="1.0" encoding="UTF-8"?>
<!-- Generated by org.testng.reporters.JUnitXMLReporter -->
<testsuite ignored="0" hostname="DESKTOP-NRO9H63" failures="0" tests="3" name="Default test" time="8.052" errors="0" timestamp="16 May 2021 06:26:54 GMT">
  <testcase classname="crudOperations.Crud" name="verifyPostResponseCall" time="1.308"/>
  <testcase classname="crudOperations.Crud" name="verifyGetResponseCall" time="1.778"/>
  <testcase classname="crudOperations.Crud" name="verifyDeleteResponseCall" time="4.022"/>
</testsuite> <!-- Default test -->
