<?xml version="1.0" encoding="UTF-8"?>
<testng-results ignored="0" total="3" passed="3" failed="0" skipped="0">
  <reporter-output>
  </reporter-output>
  <suite started-at="2021-05-16T06:30:51Z" name="Suite" finished-at="2021-05-16T06:30:59Z" duration-ms="8599">
    <groups>
    </groups>
    <test started-at="2021-05-16T06:30:51Z" name="Test" finished-at="2021-05-16T06:30:59Z" duration-ms="8599">
      <class name="crudOperations.Crud">
        <test-method is-config="true" signature="setup()[pri:0, instance:crudOperations.Crud@2b175c00]" started-at="2021-05-16T06:30:51Z" name="setup" finished-at="2021-05-16T06:30:52Z" duration-ms="1056" status="PASS">
          <reporter-output>
          </reporter-output>
        </test-method> <!-- setup -->
        <test-method signature="verifyPostResponseCall()[pri:0, instance:crudOperations.Crud@2b175c00]" started-at="2021-05-16T06:30:52Z" name="verifyPostResponseCall" finished-at="2021-05-16T06:30:54Z" duration-ms="1792" status="PASS">
          <reporter-output>
          </reporter-output>
        </test-method> <!-- verifyPostResponseCall -->
        <test-method signature="verifyGetResponseCall()[pri:0, instance:crudOperations.Crud@2b175c00]" started-at="2021-05-16T06:30:54Z" name="verifyGetResponseCall" finished-at="2021-05-16T06:30:55Z" depends-on-methods="crudOperations.Crud.verifyPostResponseCall" duration-ms="1696" status="PASS">
          <reporter-output>
          </reporter-output>
        </test-method> <!-- verifyGetResponseCall -->
        <test-method signature="verifyDeleteResponseCall()[pri:0, instance:crudOperations.Crud@2b175c00]" started-at="2021-05-16T06:30:55Z" name="verifyDeleteResponseCall" finished-at="2021-05-16T06:30:59Z" depends-on-methods="crudOperations.Crud.verifyGetResponseCall" duration-ms="4038" status="PASS">
          <reporter-output>
          </reporter-output>
        </test-method> <!-- verifyDeleteResponseCall -->
      </class> <!-- crudOperations.Crud -->
    </test> <!-- Test -->
  </suite> <!-- Suite -->
</testng-results>
