<?xml version="1.0" encoding="UTF-8"?>
<testsuite xmlns:xsi="http://www.w3.org/2001/XMLSchema-instance" xsi:noNamespaceSchemaLocation="https://maven.apache.org/surefire/maven-surefire-plugin/xsd/surefire-test-report-3.0.xsd" version="3.0" name="TestSuite" time="9.483" tests="3" errors="0" skipped="0" failures="0">
  <properties>
[...]
</properties>
  <testcase name="verifyPostResponseCall" classname="crudOperations.Crud" time="1.798">
    <system-out><![CDATA[[TestNGContentHandler] [WARN] It is strongly recommended to add "<!DOCTYPE suite SYSTEM "http://testng.org/testng-1.0.dtd" >" at the top of your file, otherwise TestNG may fail or not work as expected.
Request method:	POST
Request URI:	https://rahulshettyacademy.com/maps/api/place/add/json?key=qaclick123
Proxy:			<none>
Request params:	<none>
Query params:	key=qaclick123
Form params:	<none>
Path params:	<none>
Headers:		Accept=*/*
				Content-Type=application/json; charset=UTF-8
Cookies:		<none>
Multiparts:		<none>
Body:
{
    "location": {
        "lat": 60.227397,
        "lng": 10.785201
    },
    "accuracy": 7,
    "name": "South Alfredside",
    "phone_number": "(756) 375-6762",
    "address": "Suite 356 1106 Schuster Roads, North Armand, WI 10228-7259",
    "types": [
        "park",
        "test"
    ],
    "website": "farrell.co",
    "language": "Bangui"
}
HTTP/1.1 200 OK
Date: Sun, 16 May 2021 06:30:53 GMT
Server: Apache/2.4.18 (Ubuntu)
Access-Control-Allow-Origin: *
Access-Control-Allow-Methods: POST
Access-Control-Max-Age: 3600
Access-Control-Allow-Headers: Content-Type, Access-Control-Allow-Headers, Authorization, X-Requested-With
Content-Length: 194
Keep-Alive: timeout=5, max=100
Connection: Keep-Alive
Content-Type: application/json;charset=UTF-8

{
    "status": "OK",
    "place_id": "5f446f4a702accfda4d4b29ec16dd0a7",
    "scope": "APP",
    "reference": "c56a99a0476ed8dd83c2d9ae1530bb3dc56a99a0476ed8dd83c2d9ae1530bb3d",
    "id": "c56a99a0476ed8dd83c2d9ae1530bb3d"
}

###### Assertion Passed:: Place added successfully, place_id generated : 5f446f4a702accfda4d4b29ec16dd0a7 ######

]]></system-out>
  </testcase>
  <testcase name="verifyGetResponseCall" classname="crudOperations.Crud" time="1.692">
    <system-out><![CDATA[Request method:	GET
Request URI:	https://rahulshettyacademy.com/maps/api/place/get/json?key=qaclick123&place_id=5f446f4a702accfda4d4b29ec16dd0a7
Proxy:			<none>
Request params:	<none>
Query params:	key=qaclick123
				place_id=5f446f4a702accfda4d4b29ec16dd0a7
Form params:	<none>
Path params:	<none>
Headers:		Accept=*/*
				Content-Type=application/json; charset=UTF-8
Cookies:		<none>
Multiparts:		<none>
Body:			<none>
HTTP/1.1 200 OK
Date: Sun, 16 May 2021 06:30:54 GMT
Server: Apache/2.4.18 (Ubuntu)
Access-Control-Allow-Origin: *
Access-Control-Allow-Methods: POST
Access-Control-Max-Age: 3600
Access-Control-Allow-Headers: Content-Type, Access-Control-Allow-Headers, Authorization, X-Requested-With
Content-Length: 268
Keep-Alive: timeout=5, max=100
Connection: Keep-Alive
Content-Type: application/json;charset=UTF-8

{
    "location": {
        "latitude": "60.227397",
        "longitude": "10.785201"
    },
    "accuracy": "7",
    "name": "South Alfredside",
    "phone_number": "(756) 375-6762",
    "address": "Suite 356 1106 Schuster Roads, North Armand, WI 10228-7259",
    "types": "park,test",
    "website": "farrell.co",
    "language": "Bangui"
}

###### Assertion Passed:: Place found with place_id : 5f446f4a702accfda4d4b29ec16dd0a7 ######

]]></system-out>
  </testcase>
  <testcase name="verifyDeleteResponseCall" classname="crudOperations.Crud" time="4.038">
    <system-out><![CDATA[Request method:	DELETE
Request URI:	https://rahulshettyacademy.com/maps/api/place/delete/json?key=qaclick123
Proxy:			<none>
Request params:	<none>
Query params:	key=qaclick123
Form params:	<none>
Path params:	<none>
Headers:		Accept=*/*
				Content-Type=application/json; charset=UTF-8
Cookies:		<none>
Multiparts:		<none>
Body:
{
    "place_id": "5f446f4a702accfda4d4b29ec16dd0a7"
}
HTTP/1.1 200 OK
Date: Sun, 16 May 2021 06:30:55 GMT
Server: Apache/2.4.18 (Ubuntu)
Access-Control-Allow-Origin: *
Access-Control-Allow-Methods: POST
Access-Control-Max-Age: 3600
Access-Control-Allow-Headers: Content-Type, Access-Control-Allow-Headers, Authorization, X-Requested-With
Content-Length: 15
Keep-Alive: timeout=5, max=100
Connection: Keep-Alive
Content-Type: application/json;charset=UTF-8

{
    "status": "OK"
}

###### Assertion Passed:: Place deleted having place_id : 5f446f4a702accfda4d4b29ec16dd0a7 ######

]]></system-out>
  </testcase>
</testsuite>