<?xml version="1.0" encoding="UTF-8"?>
<testng-results ignored="0" total="3" passed="3" failed="0" skipped="0">
  <reporter-output>
  </reporter-output>
  <suite started-at="2021-05-16T06:28:18Z" name="Suite" finished-at="2021-05-16T06:28:27Z" duration-ms="8196">
    <groups>
    </groups>
    <test started-at="2021-05-16T06:28:18Z" name="Test" finished-at="2021-05-16T06:28:27Z" duration-ms="8196">
      <class name="crudOperations.Crud">
        <test-method is-config="true" signature="setup()[pri:0, instance:crudOperations.Crud@662706a7]" started-at="2021-05-16T06:28:18Z" name="setup" finished-at="2021-05-16T06:28:19Z" duration-ms="924" status="PASS">
          <reporter-output>
          </reporter-output>
        </test-method> <!-- setup -->
        <test-method signature="verifyPostResponseCall()[pri:0, instance:crudOperations.Crud@662706a7]" started-at="2021-05-16T06:28:19Z" name="verifyPostResponseCall" finished-at="2021-05-16T06:28:21Z" duration-ms="1446" status="PASS">
          <reporter-output>
          </reporter-output>
        </test-method> <!-- verifyPostResponseCall -->
        <test-method signature="verifyGetResponseCall()[pri:0, instance:crudOperations.Crud@662706a7]" started-at="2021-05-16T06:28:21Z" name="verifyGetResponseCall" finished-at="2021-05-16T06:28:23Z" depends-on-methods="crudOperations.Crud.verifyPostResponseCall" duration-ms="1815" status="PASS">
          <reporter-output>
          </reporter-output>
        </test-method> <!-- verifyGetResponseCall -->
        <test-method signature="verifyDeleteResponseCall()[pri:0, instance:crudOperations.Crud@662706a7]" started-at="2021-05-16T06:28:23Z" name="verifyDeleteResponseCall" finished-at="2021-05-16T06:28:27Z" depends-on-methods="crudOperations.Crud.verifyGetResponseCall" duration-ms="3991" status="PASS">
          <reporter-output>
          </reporter-output>
        </test-method> <!-- verifyDeleteResponseCall -->
      </class> <!-- crudOperations.Crud -->
    </test> <!-- Test -->
  </suite> <!-- Suite -->
</testng-results>
